Namespace(cuda=0, rep=1, batch_size=128, n_epoch=60, lr=0.0001, lr_cls=0.001, dataset='ucihar', n_feature=77, len_sw=30, n_class=18, cases='random', split_ratio=0.2, target_domain='0', backbone='DCL', logdir='log/', lambda1=1.0, device='Phones', tau=0.5, thresh=1.0, eval=False, model_name='DCL_ucihar_lr0.0001_bs128_sw30')

Epoch : 0
Train Loss     : 1.7713	 | 	Train Accuracy     : 25.0000

Val Loss     : 1.6321	 | 	Val Accuracy     : 34.4053


Epoch : 1
Train Loss     : 1.1611	 | 	Train Accuracy     : 52.3591

Val Loss     : 0.8241	 | 	Val Accuracy     : 58.4951


Epoch : 2
Train Loss     : 0.7703	 | 	Train Accuracy     : 64.7825

Val Loss     : 0.6789	 | 	Val Accuracy     : 73.9078


Epoch : 3
Train Loss     : 0.6671	 | 	Train Accuracy     : 72.5490

Val Loss     : 0.6431	 | 	Val Accuracy     : 73.1189


Epoch : 4
Train Loss     : 0.5983	 | 	Train Accuracy     : 77.4663

Val Loss     : 0.5172	 | 	Val Accuracy     : 80.5825


Epoch : 5
Train Loss     : 0.5028	 | 	Train Accuracy     : 81.9393

Val Loss     : 0.4550	 | 	Val Accuracy     : 82.5850


Epoch : 6
Train Loss     : 0.4617	 | 	Train Accuracy     : 83.2874

Val Loss     : 0.3965	 | 	Val Accuracy     : 85.6796


Epoch : 7
Train Loss     : 0.3848	 | 	Train Accuracy     : 86.3664

Val Loss     : 0.3475	 | 	Val Accuracy     : 88.0461


Epoch : 8
Train Loss     : 0.3262	 | 	Train Accuracy     : 88.6489

Val Loss     : 0.3021	 | 	Val Accuracy     : 89.4417


Epoch : 9
Train Loss     : 0.2816	 | 	Train Accuracy     : 90.5178

Val Loss     : 0.2744	 | 	Val Accuracy     : 90.1092


Epoch : 10
Train Loss     : 0.3086	 | 	Train Accuracy     : 89.1238

Val Loss     : 0.2314	 | 	Val Accuracy     : 92.0510


Epoch : 11
Train Loss     : 0.2295	 | 	Train Accuracy     : 92.0496

Val Loss     : 0.2046	 | 	Val Accuracy     : 92.4757


Epoch : 12
Train Loss     : 0.2038	 | 	Train Accuracy     : 93.0760

Val Loss     : 0.2145	 | 	Val Accuracy     : 92.4757


Epoch : 13
Train Loss     : 0.2411	 | 	Train Accuracy     : 91.1765

Val Loss     : 0.2264	 | 	Val Accuracy     : 91.5655


Epoch : 14
Train Loss     : 0.1670	 | 	Train Accuracy     : 94.2862

Val Loss     : 0.1831	 | 	Val Accuracy     : 93.4466


Epoch : 15
Train Loss     : 0.1685	 | 	Train Accuracy     : 94.1483

Val Loss     : 0.1838	 | 	Val Accuracy     : 93.3252


Epoch : 16
Train Loss     : 0.1553	 | 	Train Accuracy     : 94.4393

Val Loss     : 0.1741	 | 	Val Accuracy     : 93.9927


Epoch : 17
Train Loss     : 0.1447	 | 	Train Accuracy     : 94.9142

Val Loss     : 0.1826	 | 	Val Accuracy     : 93.8714


Epoch : 18
Train Loss     : 0.1419	 | 	Train Accuracy     : 95.0674

Val Loss     : 0.1664	 | 	Val Accuracy     : 93.8714


Epoch : 19
Train Loss     : 0.1346	 | 	Train Accuracy     : 95.2512

Val Loss     : 0.1697	 | 	Val Accuracy     : 93.0218


Epoch : 20
Train Loss     : 0.1378	 | 	Train Accuracy     : 95.1134

Val Loss     : 0.1643	 | 	Val Accuracy     : 93.9320


Epoch : 21
Train Loss     : 0.1543	 | 	Train Accuracy     : 94.2096

Val Loss     : 0.1659	 | 	Val Accuracy     : 93.6286


Epoch : 22
Train Loss     : 0.1269	 | 	Train Accuracy     : 95.4657

Val Loss     : 0.1479	 | 	Val Accuracy     : 95.0243


Epoch : 23
Train Loss     : 0.1235	 | 	Train Accuracy     : 95.8793

Val Loss     : 0.1617	 | 	Val Accuracy     : 94.1748


Epoch : 24
Train Loss     : 0.1630	 | 	Train Accuracy     : 94.3934

Val Loss     : 0.1631	 | 	Val Accuracy     : 94.1748


Epoch : 25
Train Loss     : 0.1245	 | 	Train Accuracy     : 95.3585

Val Loss     : 0.1463	 | 	Val Accuracy     : 94.2354


Epoch : 26
Train Loss     : 0.1155	 | 	Train Accuracy     : 95.8946

Val Loss     : 0.1372	 | 	Val Accuracy     : 94.9029


Epoch : 27
Train Loss     : 0.1015	 | 	Train Accuracy     : 96.5227

Val Loss     : 0.1406	 | 	Val Accuracy     : 94.7209


Epoch : 28
Train Loss     : 0.1084	 | 	Train Accuracy     : 95.6955

Val Loss     : 0.1825	 | 	Val Accuracy     : 92.9005


Epoch : 29
Train Loss     : 0.1273	 | 	Train Accuracy     : 95.0827

Val Loss     : 0.1917	 | 	Val Accuracy     : 91.9903


Epoch : 30
Train Loss     : 0.1080	 | 	Train Accuracy     : 95.9099

Val Loss     : 0.1312	 | 	Val Accuracy     : 94.7209


Epoch : 31
Train Loss     : 0.1126	 | 	Train Accuracy     : 95.4504

Val Loss     : 0.2638	 | 	Val Accuracy     : 90.3519


Epoch : 32
Train Loss     : 0.1774	 | 	Train Accuracy     : 93.1679

Val Loss     : 0.1473	 | 	Val Accuracy     : 94.4175


Epoch : 33
Train Loss     : 0.1207	 | 	Train Accuracy     : 95.5882

Val Loss     : 0.1278	 | 	Val Accuracy     : 95.4490


Epoch : 34
Train Loss     : 0.1123	 | 	Train Accuracy     : 95.8333

Val Loss     : 0.1406	 | 	Val Accuracy     : 94.9636


Epoch : 35
Train Loss     : 0.1146	 | 	Train Accuracy     : 95.6036

Val Loss     : 0.1307	 | 	Val Accuracy     : 95.2670


Epoch : 36
Train Loss     : 0.1116	 | 	Train Accuracy     : 95.7414

Val Loss     : 0.1294	 | 	Val Accuracy     : 95.2063


Epoch : 37
Train Loss     : 0.1009	 | 	Train Accuracy     : 96.3235

Val Loss     : 0.1219	 | 	Val Accuracy     : 95.1456


Epoch : 38
Train Loss     : 0.1119	 | 	Train Accuracy     : 95.8180

Val Loss     : 0.1175	 | 	Val Accuracy     : 95.5704


Epoch : 39
Train Loss     : 0.0936	 | 	Train Accuracy     : 96.3848

Val Loss     : 0.1199	 | 	Val Accuracy     : 95.3883


Epoch : 40
Train Loss     : 0.0954	 | 	Train Accuracy     : 96.2469

Val Loss     : 0.1156	 | 	Val Accuracy     : 95.7524


Epoch : 41
Train Loss     : 0.0981	 | 	Train Accuracy     : 96.2316

Val Loss     : 0.1145	 | 	Val Accuracy     : 95.2670


Epoch : 42
Train Loss     : 0.0995	 | 	Train Accuracy     : 95.8946

Val Loss     : 0.1069	 | 	Val Accuracy     : 95.6311


Epoch : 43
Train Loss     : 0.0967	 | 	Train Accuracy     : 96.0938

Val Loss     : 0.1106	 | 	Val Accuracy     : 95.2063


Epoch : 44
Train Loss     : 0.0941	 | 	Train Accuracy     : 96.1244

Val Loss     : 0.1122	 | 	Val Accuracy     : 95.5097


Epoch : 45
Train Loss     : 0.0887	 | 	Train Accuracy     : 96.6146

Val Loss     : 0.0988	 | 	Val Accuracy     : 95.7524


Epoch : 46
Train Loss     : 0.0966	 | 	Train Accuracy     : 96.0938

Val Loss     : 0.1046	 | 	Val Accuracy     : 95.4490


Epoch : 47
Train Loss     : 0.0824	 | 	Train Accuracy     : 96.7065

Val Loss     : 0.1228	 | 	Val Accuracy     : 95.5704


Epoch : 48
Train Loss     : 0.1006	 | 	Train Accuracy     : 96.3848

Val Loss     : 0.1056	 | 	Val Accuracy     : 95.6311


Epoch : 49
Train Loss     : 0.0827	 | 	Train Accuracy     : 96.7831

Val Loss     : 0.1089	 | 	Val Accuracy     : 95.5704


Epoch : 50
Train Loss     : 0.0799	 | 	Train Accuracy     : 96.7218

Val Loss     : 0.1153	 | 	Val Accuracy     : 94.9029


Epoch : 51
Train Loss     : 0.0856	 | 	Train Accuracy     : 96.4461

Val Loss     : 0.1013	 | 	Val Accuracy     : 95.8738


Epoch : 52
Train Loss     : 0.0867	 | 	Train Accuracy     : 96.8137

Val Loss     : 0.1256	 | 	Val Accuracy     : 95.0243


Epoch : 53
Train Loss     : 0.0742	 | 	Train Accuracy     : 97.0741

Val Loss     : 0.0983	 | 	Val Accuracy     : 95.6917


Epoch : 54
Train Loss     : 0.0805	 | 	Train Accuracy     : 96.9210

Val Loss     : 0.1279	 | 	Val Accuracy     : 95.3277


Epoch : 55
Train Loss     : 0.0844	 | 	Train Accuracy     : 96.5533

Val Loss     : 0.1040	 | 	Val Accuracy     : 95.5704


Epoch : 56
Train Loss     : 0.0664	 | 	Train Accuracy     : 97.3652

Val Loss     : 0.0865	 | 	Val Accuracy     : 96.1165


Epoch : 57
Train Loss     : 0.0845	 | 	Train Accuracy     : 96.7218

Val Loss     : 0.0914	 | 	Val Accuracy     : 95.7524


Epoch : 58
Train Loss     : 0.0682	 | 	Train Accuracy     : 97.1814

Val Loss     : 0.0815	 | 	Val Accuracy     : 96.5413


Epoch : 59
Train Loss     : 0.0737	 | 	Train Accuracy     : 96.9516

Val Loss     : 0.1351	 | 	Val Accuracy     : 95.0243

Test Loss     : 0.0926	 | 	Test Accuracy     : 96.5049

tensor([[78., 41., 42., 48., 61., 57.],
        [55., 61., 34., 47., 46., 54.],
        [36., 43., 48., 52., 48., 45.],
        [59., 48., 36., 76., 80., 80.],
        [53., 39., 56., 62., 81., 91.],
        [58., 66., 47., 62., 78., 92.]])
tensor([0.2385, 0.2054, 0.1765, 0.2005, 0.2120, 0.2283])
Training time is : 1:28:07.846451
