Namespace(cuda=0, rep=2, batch_size=128, n_epoch=30, lr=0.0001, lr_cls=0.001, dataset='shar', n_feature=77, len_sw=30, n_class=18, cases='random', split_ratio=0.2, target_domain='0', backbone='DCL', logdir='log/', lambda1=1.0, device='Phones', tau=0.5, thresh=1.0, eval=False, model_name='DCL_shar_lr0.0001_bs128_sw30')

Epoch : 0
Train Loss     : 2.8211	 | 	Train Accuracy     : 6.8979

Val Loss     : 2.8317	 | 	Val Accuracy     : 3.4981


Epoch : 1
Train Loss     : 2.6937	 | 	Train Accuracy     : 12.2523

Val Loss     : 2.6213	 | 	Val Accuracy     : 20.8365


Epoch : 2
Train Loss     : 2.4872	 | 	Train Accuracy     : 16.7302

Val Loss     : 2.3651	 | 	Val Accuracy     : 23.2700


Epoch : 3
Train Loss     : 2.2670	 | 	Train Accuracy     : 21.9512

Val Loss     : 2.0996	 | 	Val Accuracy     : 28.1369


Epoch : 4
Train Loss     : 2.0598	 | 	Train Accuracy     : 27.6296

Val Loss     : 1.9103	 | 	Val Accuracy     : 39.3156


Epoch : 5
Train Loss     : 1.8927	 | 	Train Accuracy     : 34.2226

Val Loss     : 1.6915	 | 	Val Accuracy     : 44.8669


Epoch : 6
Train Loss     : 1.7794	 | 	Train Accuracy     : 36.9093

Val Loss     : 1.6468	 | 	Val Accuracy     : 41.8251


Epoch : 7
Train Loss     : 1.6893	 | 	Train Accuracy     : 38.7576

Val Loss     : 1.5218	 | 	Val Accuracy     : 46.6160


Epoch : 8
Train Loss     : 1.6064	 | 	Train Accuracy     : 41.1585

Val Loss     : 1.4765	 | 	Val Accuracy     : 47.9848


Epoch : 9
Train Loss     : 1.5562	 | 	Train Accuracy     : 42.6639

Val Loss     : 1.5212	 | 	Val Accuracy     : 41.3688


Epoch : 10
Train Loss     : 1.5017	 | 	Train Accuracy     : 45.5030

Val Loss     : 1.4192	 | 	Val Accuracy     : 44.1065


Epoch : 11
Train Loss     : 1.4318	 | 	Train Accuracy     : 48.8758

Val Loss     : 1.3566	 | 	Val Accuracy     : 47.8327


Epoch : 12
Train Loss     : 1.4219	 | 	Train Accuracy     : 48.1898

Val Loss     : 1.3200	 | 	Val Accuracy     : 50.8745


Epoch : 13
Train Loss     : 1.3723	 | 	Train Accuracy     : 51.0671

Val Loss     : 1.2610	 | 	Val Accuracy     : 54.2205


Epoch : 14
Train Loss     : 1.3227	 | 	Train Accuracy     : 52.1532

Val Loss     : 1.2469	 | 	Val Accuracy     : 52.1673


Epoch : 15
Train Loss     : 1.2860	 | 	Train Accuracy     : 53.8872

Val Loss     : 1.1826	 | 	Val Accuracy     : 54.8289


Epoch : 16
Train Loss     : 1.2618	 | 	Train Accuracy     : 54.6113

Val Loss     : 1.1641	 | 	Val Accuracy     : 56.8061


Epoch : 17
Train Loss     : 1.2410	 | 	Train Accuracy     : 55.3544

Val Loss     : 1.2275	 | 	Val Accuracy     : 52.6236


Epoch : 18
Train Loss     : 1.1814	 | 	Train Accuracy     : 57.6982

Val Loss     : 1.1256	 | 	Val Accuracy     : 59.9240


Epoch : 19
Train Loss     : 1.2296	 | 	Train Accuracy     : 55.0877

Val Loss     : 1.1431	 | 	Val Accuracy     : 58.3270


Epoch : 20
Train Loss     : 1.2131	 | 	Train Accuracy     : 55.9261

Val Loss     : 1.0715	 | 	Val Accuracy     : 61.8251


Epoch : 21
Train Loss     : 1.1635	 | 	Train Accuracy     : 57.4695

Val Loss     : 1.1236	 | 	Val Accuracy     : 58.0989


Epoch : 22
Train Loss     : 1.1026	 | 	Train Accuracy     : 61.1852

Val Loss     : 1.0368	 | 	Val Accuracy     : 62.2814


Epoch : 23
Train Loss     : 1.1124	 | 	Train Accuracy     : 60.5755

Val Loss     : 1.0508	 | 	Val Accuracy     : 62.6616


Epoch : 24
Train Loss     : 1.0662	 | 	Train Accuracy     : 60.9756

Val Loss     : 0.9825	 | 	Val Accuracy     : 65.6274


Epoch : 25
Train Loss     : 1.0475	 | 	Train Accuracy     : 62.0046

Val Loss     : 1.0486	 | 	Val Accuracy     : 62.6616


Epoch : 26
Train Loss     : 1.0459	 | 	Train Accuracy     : 62.5000

Val Loss     : 0.9740	 | 	Val Accuracy     : 64.4867


Epoch : 27
Train Loss     : 1.0356	 | 	Train Accuracy     : 62.3666

Val Loss     : 0.9766	 | 	Val Accuracy     : 64.4867


Epoch : 28
Train Loss     : 1.0122	 | 	Train Accuracy     : 63.3384

Val Loss     : 1.0004	 | 	Val Accuracy     : 63.4221


Epoch : 29
Train Loss     : 1.0064	 | 	Train Accuracy     : 64.2530

Val Loss     : 0.9829	 | 	Val Accuracy     : 65.2471

Test Loss     : 0.9954	 | 	Test Accuracy     : 64.2727

tensor([[ 1.,  1.,  3.,  2.,  4.,  2.,  3.,  0.,  0.,  0.,  1.,  0.,  1.,  1.,
          2.,  1.,  0.],
        [ 1.,  1.,  6.,  2.,  4.,  3.,  4.,  0.,  0.,  2.,  0.,  3.,  1.,  0.,
          0.,  1.,  1.],
        [ 3.,  3., 64., 40., 25.,  6., 25.,  7.,  3., 16.,  5.,  9., 14.,  6.,
         14.,  7., 10.],
        [ 6.,  8., 37., 72., 34., 20., 27.,  6.,  4.,  5.,  3., 13., 10.,  7.,
         20., 11.,  7.],
        [ 2.,  4., 21., 23., 16.,  4., 16.,  1.,  2.,  2.,  0.,  6.,  6.,  3.,
          4.,  5.,  7.],
        [ 1.,  1., 15., 23.,  7., 12., 13.,  5.,  3.,  8.,  0.,  1.,  7.,  4.,
         10.,  1.,  6.],
        [ 6.,  5., 27., 28., 27.,  9., 25.,  3.,  3.,  7.,  3.,  7., 12.,  9.,
         10.,  9.,  3.],
        [ 1.,  0.,  8.,  9., 10.,  3.,  4.,  1.,  1.,  2.,  2.,  3.,  3.,  2.,
          3.,  2.,  2.],
        [ 0.,  0.,  3.,  5.,  1.,  0.,  1.,  0.,  3.,  1.,  0.,  0.,  1.,  1.,
          1.,  0.,  1.],
        [ 1.,  1., 10.,  9., 10.,  4.,  4.,  1.,  4.,  6.,  0.,  4.,  1.,  1.,
          6.,  2.,  4.],
        [ 1.,  0.,  7., 10.,  7.,  3.,  4.,  3.,  1.,  6.,  3.,  3.,  5.,  1.,
          6.,  8.,  3.],
        [ 1.,  0.,  3., 14.,  5.,  2.,  2.,  3.,  0.,  4.,  1.,  5.,  4.,  2.,
          5.,  2.,  4.],
        [ 1.,  0., 12., 14.,  8.,  3.,  5.,  2.,  2.,  6.,  0.,  3.,  6.,  3.,
          6.,  3.,  1.],
        [ 2.,  0.,  4.,  5.,  7.,  7.,  8.,  2.,  2.,  2.,  1.,  3.,  2.,  7.,
          5.,  1.,  2.],
        [ 1.,  1.,  6., 15.,  6.,  2.,  7.,  2.,  2.,  2.,  0.,  7.,  7.,  3.,
         10.,  2.,  1.],
        [ 1.,  0., 12., 10.,  4.,  5.,  5.,  1.,  4.,  0.,  3.,  4.,  3.,  2.,
         10.,  4.,  2.],
        [ 0.,  1.,  7., 10.,  7.,  5.,  7.,  2.,  1.,  3.,  2.,  4.,  4.,  2.,
          5.,  2.,  2.]])
tensor([0.0455, 0.0345, 0.2490, 0.2483, 0.1311, 0.1026, 0.1295, 0.0179, 0.1667,
        0.0882, 0.0423, 0.0877, 0.0800, 0.1167, 0.1351, 0.0571, 0.0312])

Epoch : 0
Train Loss     : 2.8221	 | 	Train Accuracy     : 7.5267

Val Loss     : 2.8226	 | 	Val Accuracy     : 4.8669


Epoch : 1
Train Loss     : 2.7142	 | 	Train Accuracy     : 12.8430

Val Loss     : 2.6606	 | 	Val Accuracy     : 20.3042


Epoch : 2
Train Loss     : 2.5232	 | 	Train Accuracy     : 15.3392

Val Loss     : 2.3941	 | 	Val Accuracy     : 24.3346


Epoch : 3
Train Loss     : 2.2810	 | 	Train Accuracy     : 20.9413

Val Loss     : 2.1391	 | 	Val Accuracy     : 25.0190


Epoch : 4
Train Loss     : 2.0856	 | 	Train Accuracy     : 24.6380

Val Loss     : 1.9880	 | 	Val Accuracy     : 28.8213


Epoch : 5
Train Loss     : 1.9526	 | 	Train Accuracy     : 29.2492

Val Loss     : 1.9012	 | 	Val Accuracy     : 32.1673


Epoch : 6
Train Loss     : 1.8621	 | 	Train Accuracy     : 32.8697

Val Loss     : 1.7886	 | 	Val Accuracy     : 35.8175


Epoch : 7
Train Loss     : 1.7688	 | 	Train Accuracy     : 37.4238

Val Loss     : 1.6530	 | 	Val Accuracy     : 40.3042


Epoch : 8
Train Loss     : 1.6690	 | 	Train Accuracy     : 40.3773

Val Loss     : 1.5921	 | 	Val Accuracy     : 38.8593


Epoch : 9
Train Loss     : 1.6138	 | 	Train Accuracy     : 41.1395

Val Loss     : 1.4927	 | 	Val Accuracy     : 45.6274


Epoch : 10
Train Loss     : 1.5567	 | 	Train Accuracy     : 43.7500

Val Loss     : 1.4944	 | 	Val Accuracy     : 43.4221


Epoch : 11
Train Loss     : 1.4934	 | 	Train Accuracy     : 45.8460

Val Loss     : 1.3755	 | 	Val Accuracy     : 51.7110


Epoch : 12
Train Loss     : 1.4685	 | 	Train Accuracy     : 46.8369

Val Loss     : 1.4387	 | 	Val Accuracy     : 44.3346


Epoch : 13
Train Loss     : 1.4166	 | 	Train Accuracy     : 48.5899

Val Loss     : 1.3794	 | 	Val Accuracy     : 46.9962


Epoch : 14
Train Loss     : 1.3913	 | 	Train Accuracy     : 48.8948

Val Loss     : 1.3605	 | 	Val Accuracy     : 49.2015


Epoch : 15
Train Loss     : 1.3270	 | 	Train Accuracy     : 51.7530

Val Loss     : 1.2928	 | 	Val Accuracy     : 54.5247


Epoch : 16
Train Loss     : 1.3538	 | 	Train Accuracy     : 50.5716

Val Loss     : 1.2122	 | 	Val Accuracy     : 57.1863


Epoch : 17
Train Loss     : 1.3013	 | 	Train Accuracy     : 52.4581

Val Loss     : 1.3446	 | 	Val Accuracy     : 47.6806


Epoch : 18
Train Loss     : 1.2518	 | 	Train Accuracy     : 55.3544

Val Loss     : 1.1962	 | 	Val Accuracy     : 57.5665


Epoch : 19
Train Loss     : 1.2124	 | 	Train Accuracy     : 55.8880

Val Loss     : 1.1877	 | 	Val Accuracy     : 56.7300


Epoch : 20
Train Loss     : 1.2229	 | 	Train Accuracy     : 55.4688

Val Loss     : 1.1970	 | 	Val Accuracy     : 57.4905


Epoch : 21
Train Loss     : 1.1957	 | 	Train Accuracy     : 56.8979

Val Loss     : 1.2087	 | 	Val Accuracy     : 53.4601


Epoch : 22
Train Loss     : 1.1568	 | 	Train Accuracy     : 59.2226

Val Loss     : 1.2230	 | 	Val Accuracy     : 52.2433


Epoch : 23
Train Loss     : 1.1669	 | 	Train Accuracy     : 58.0221

Val Loss     : 1.0940	 | 	Val Accuracy     : 59.1635


Epoch : 24
Train Loss     : 1.1543	 | 	Train Accuracy     : 58.6128

Val Loss     : 1.0817	 | 	Val Accuracy     : 58.4791


Epoch : 25
Train Loss     : 1.0922	 | 	Train Accuracy     : 60.9375

Val Loss     : 1.0326	 | 	Val Accuracy     : 63.0418


Epoch : 26
Train Loss     : 1.0703	 | 	Train Accuracy     : 60.8613

Val Loss     : 1.0128	 | 	Val Accuracy     : 63.8783


Epoch : 27
Train Loss     : 1.0418	 | 	Train Accuracy     : 62.2713

Val Loss     : 0.9782	 | 	Val Accuracy     : 63.8023


Epoch : 28
Train Loss     : 1.0296	 | 	Train Accuracy     : 62.6143

Val Loss     : 0.9884	 | 	Val Accuracy     : 64.1065


Epoch : 29
Train Loss     : 1.0245	 | 	Train Accuracy     : 63.3384

Val Loss     : 0.9952	 | 	Val Accuracy     : 64.1825

Test Loss     : 0.9995	 | 	Test Accuracy     : 62.2033

tensor([[ 1.,  1.,  3.,  2.,  1.,  1.,  7.,  0.,  0.,  0.,  0.,  0.,  1.,  1.,
          1.,  2.,  1.],
        [ 1.,  1.,  5.,  3.,  4.,  3.,  4.,  0.,  0.,  2.,  3.,  1.,  1.,  0.,
          0.,  1.,  0.],
        [ 3.,  3., 55., 40., 20.,  7., 38.,  4.,  8., 15.,  9., 10., 13., 11.,
         10.,  6.,  5.],
        [ 7.,  8., 31., 75., 19., 15., 50.,  5.,  4.,  7., 15.,  5., 10.,  6.,
         16., 14.,  3.],
        [ 3.,  3., 17., 23., 16.,  4., 21.,  3.,  1.,  3.,  6.,  4.,  4.,  4.,
          5.,  3.,  2.],
        [ 2.,  3., 15., 26.,  5., 10., 12.,  4.,  4., 11.,  7.,  3.,  3.,  3.,
          6.,  3.,  0.],
        [ 3.,  8., 19., 26., 14.,  8., 50.,  3.,  2.,  7.,  7.,  4., 13., 11.,
          8.,  8.,  2.],
        [ 1.,  0.,  8.,  9.,  6.,  3.,  9.,  1.,  1.,  4.,  1.,  4.,  4.,  3.,
          1.,  0.,  1.],
        [ 0.,  0.,  2.,  5.,  1.,  1.,  2.,  1.,  2.,  1.,  0.,  1.,  1.,  1.,
          0.,  0.,  0.],
        [ 1.,  1., 11., 10.,  5.,  2.,  9.,  1.,  4.,  6.,  2.,  3.,  2.,  2.,
          5.,  4.,  0.],
        [ 1.,  0.,  7., 10.,  3.,  3., 10.,  2.,  1.,  5.,  4.,  3.,  7.,  2.,
          3.,  6.,  4.],
        [ 0.,  1.,  3., 14.,  2.,  0.,  6.,  4.,  0.,  4.,  3.,  5.,  3.,  1.,
          6.,  2.,  3.],
        [ 0.,  3., 11., 14.,  7.,  3.,  6.,  2.,  1.,  9.,  4.,  3.,  5.,  1.,
          2.,  4.,  0.],
        [ 0.,  2.,  5.,  7.,  3.,  5., 12.,  3.,  1.,  4.,  1.,  2.,  3.,  6.,
          3.,  1.,  2.],
        [ 1.,  0.,  3., 14.,  6.,  2., 11.,  1.,  5.,  5.,  3.,  7.,  6.,  1.,
          5.,  2.,  2.],
        [ 0.,  1., 10., 10.,  3.,  4.,  8.,  3.,  5.,  4.,  2.,  4.,  3.,  3.,
          6.,  4.,  0.],
        [ 0.,  1.,  4., 12.,  3.,  4., 13.,  2.,  1.,  3.,  1.,  4.,  4.,  2.,
          3.,  5.,  2.]])
tensor([0.0455, 0.0345, 0.2140, 0.2586, 0.1311, 0.0855, 0.2591, 0.0179, 0.1111,
        0.0882, 0.0563, 0.0877, 0.0667, 0.1000, 0.0676, 0.0571, 0.0312])
Training time is : 0:51:07.535616
