Namespace(cuda=0, rep=2, batch_size=128, n_epoch=30, lr=0.0001, lr_cls=0.001, dataset='hhar', n_feature=77, len_sw=30, n_class=18, cases='random', split_ratio=0.2, target_domain='0', backbone='FCN', logdir='log/', lambda1=1.0, device='Phones', tau=0.5, thresh=1.0, eval=False, model_name='FCN_hhar_lr0.0001_bs128_sw30')

Epoch : 0
Train Loss     : 0.7699	 | 	Train Accuracy     : 71.6537

Val Loss     : 0.4630	 | 	Val Accuracy     : 83.6603


Epoch : 1
Train Loss     : 0.4226	 | 	Train Accuracy     : 83.7139

Val Loss     : 0.3058	 | 	Val Accuracy     : 88.1186


Epoch : 2
Train Loss     : 0.3397	 | 	Train Accuracy     : 86.2762

Val Loss     : 0.2654	 | 	Val Accuracy     : 88.9470


Epoch : 3
Train Loss     : 0.2948	 | 	Train Accuracy     : 87.7377

Val Loss     : 0.2358	 | 	Val Accuracy     : 90.7129


Epoch : 4
Train Loss     : 0.2733	 | 	Train Accuracy     : 88.5271

Val Loss     : 0.2263	 | 	Val Accuracy     : 90.6257


Epoch : 5
Train Loss     : 0.2574	 | 	Train Accuracy     : 89.1007

Val Loss     : 0.2133	 | 	Val Accuracy     : 90.8873


Epoch : 6
Train Loss     : 0.2376	 | 	Train Accuracy     : 89.8110

Val Loss     : 0.2101	 | 	Val Accuracy     : 90.9745


Epoch : 7
Train Loss     : 0.2321	 | 	Train Accuracy     : 90.1251

Val Loss     : 0.2090	 | 	Val Accuracy     : 91.3669


Epoch : 8
Train Loss     : 0.2241	 | 	Train Accuracy     : 90.3518

Val Loss     : 0.1973	 | 	Val Accuracy     : 91.6830


Epoch : 9
Train Loss     : 0.2150	 | 	Train Accuracy     : 90.5376

Val Loss     : 0.2027	 | 	Val Accuracy     : 91.8574


Epoch : 10
Train Loss     : 0.2091	 | 	Train Accuracy     : 90.9719

Val Loss     : 0.2031	 | 	Val Accuracy     : 91.3996


Epoch : 11
Train Loss     : 0.2156	 | 	Train Accuracy     : 90.7315

Val Loss     : 0.2215	 | 	Val Accuracy     : 90.2224


Epoch : 12
Train Loss     : 0.1971	 | 	Train Accuracy     : 91.4827

Val Loss     : 0.1876	 | 	Val Accuracy     : 92.3370


Epoch : 13
Train Loss     : 0.1962	 | 	Train Accuracy     : 91.6166

Val Loss     : 0.2011	 | 	Val Accuracy     : 91.5304


Epoch : 14
Train Loss     : 0.1893	 | 	Train Accuracy     : 91.9608

Val Loss     : 0.2148	 | 	Val Accuracy     : 91.5086


Epoch : 15
Train Loss     : 0.1876	 | 	Train Accuracy     : 91.8160

Val Loss     : 0.2162	 | 	Val Accuracy     : 90.8437


Epoch : 16
Train Loss     : 0.1835	 | 	Train Accuracy     : 92.2066

Val Loss     : 0.1837	 | 	Val Accuracy     : 92.6859


Epoch : 17
Train Loss     : 0.1892	 | 	Train Accuracy     : 91.9253

Val Loss     : 0.1884	 | 	Val Accuracy     : 92.0427


Epoch : 18
Train Loss     : 0.1730	 | 	Train Accuracy     : 92.5945

Val Loss     : 0.2352	 | 	Val Accuracy     : 90.4622


Epoch : 19
Train Loss     : 0.1705	 | 	Train Accuracy     : 92.6437

Val Loss     : 0.1873	 | 	Val Accuracy     : 92.3697


Epoch : 20
Train Loss     : 0.1652	 | 	Train Accuracy     : 92.8977

Val Loss     : 0.2277	 | 	Val Accuracy     : 91.1380


Epoch : 21
Train Loss     : 0.1676	 | 	Train Accuracy     : 92.7448

Val Loss     : 0.1953	 | 	Val Accuracy     : 92.0209


Epoch : 22
Train Loss     : 0.1714	 | 	Train Accuracy     : 92.7284

Val Loss     : 0.1618	 | 	Val Accuracy     : 93.0456


Epoch : 23
Train Loss     : 0.1650	 | 	Train Accuracy     : 93.1135

Val Loss     : 0.1710	 | 	Val Accuracy     : 92.7840


Epoch : 24
Train Loss     : 0.1624	 | 	Train Accuracy     : 92.9988

Val Loss     : 0.1719	 | 	Val Accuracy     : 92.9366


Epoch : 25
Train Loss     : 0.1624	 | 	Train Accuracy     : 93.0015

Val Loss     : 0.1800	 | 	Val Accuracy     : 92.7077


Epoch : 26
Train Loss     : 0.1604	 | 	Train Accuracy     : 93.1627

Val Loss     : 0.1800	 | 	Val Accuracy     : 92.7295


Epoch : 27
Train Loss     : 0.1573	 | 	Train Accuracy     : 93.3894

Val Loss     : 0.1723	 | 	Val Accuracy     : 92.8385


Epoch : 28
Train Loss     : 0.1549	 | 	Train Accuracy     : 93.4441

Val Loss     : 0.1676	 | 	Val Accuracy     : 93.1546


Epoch : 29
Train Loss     : 0.1548	 | 	Train Accuracy     : 93.4304

Val Loss     : 0.1682	 | 	Val Accuracy     : 92.7622

Test Loss     : 0.1737	 | 	Test Accuracy     : 92.7712

tensor([[328., 316., 292., 384., 237., 257.],
        [398., 434., 380., 384., 273., 281.],
        [346., 334., 330., 341., 238., 252.],
        [402., 412., 350., 436., 305., 285.],
        [350., 314., 286., 363., 260., 268.],
        [280., 318., 277., 295., 219., 243.]])
tensor([0.1808, 0.2019, 0.1793, 0.1991, 0.1412, 0.1489])

Epoch : 0
Train Loss     : 0.8058	 | 	Train Accuracy     : 70.1978

Val Loss     : 0.5096	 | 	Val Accuracy     : 81.4585


Epoch : 1
Train Loss     : 0.4287	 | 	Train Accuracy     : 83.3561

Val Loss     : 0.3449	 | 	Val Accuracy     : 86.4181


Epoch : 2
Train Loss     : 0.3506	 | 	Train Accuracy     : 86.0222

Val Loss     : 0.2990	 | 	Val Accuracy     : 88.0532


Epoch : 3
Train Loss     : 0.3099	 | 	Train Accuracy     : 87.3689

Val Loss     : 0.2774	 | 	Val Accuracy     : 88.4674


Epoch : 4
Train Loss     : 0.2823	 | 	Train Accuracy     : 88.2539

Val Loss     : 0.2493	 | 	Val Accuracy     : 89.5574


Epoch : 5
Train Loss     : 0.2695	 | 	Train Accuracy     : 88.9696

Val Loss     : 0.2362	 | 	Val Accuracy     : 90.1461


Epoch : 6
Train Loss     : 0.2486	 | 	Train Accuracy     : 89.4996

Val Loss     : 0.2336	 | 	Val Accuracy     : 90.2769


Epoch : 7
Train Loss     : 0.2436	 | 	Train Accuracy     : 89.5378

Val Loss     : 0.2108	 | 	Val Accuracy     : 90.6257


Epoch : 8
Train Loss     : 0.2401	 | 	Train Accuracy     : 89.7399

Val Loss     : 0.2065	 | 	Val Accuracy     : 91.4323


Epoch : 9
Train Loss     : 0.2294	 | 	Train Accuracy     : 90.1251

Val Loss     : 0.2057	 | 	Val Accuracy     : 90.7565


Epoch : 10
Train Loss     : 0.2222	 | 	Train Accuracy     : 90.5103

Val Loss     : 0.1998	 | 	Val Accuracy     : 91.4432


Epoch : 11
Train Loss     : 0.2142	 | 	Train Accuracy     : 90.5840

Val Loss     : 0.1975	 | 	Val Accuracy     : 91.3669


Epoch : 12
Train Loss     : 0.2098	 | 	Train Accuracy     : 90.8900

Val Loss     : 0.1992	 | 	Val Accuracy     : 91.8247


Epoch : 13
Train Loss     : 0.2059	 | 	Train Accuracy     : 91.0730

Val Loss     : 0.1923	 | 	Val Accuracy     : 91.5304


Epoch : 14
Train Loss     : 0.1980	 | 	Train Accuracy     : 91.3817

Val Loss     : 0.1878	 | 	Val Accuracy     : 91.5522


Epoch : 15
Train Loss     : 0.2015	 | 	Train Accuracy     : 91.3571

Val Loss     : 0.1765	 | 	Val Accuracy     : 92.2062


Epoch : 16
Train Loss     : 0.1937	 | 	Train Accuracy     : 91.6548

Val Loss     : 0.1930	 | 	Val Accuracy     : 91.8574


Epoch : 17
Train Loss     : 0.1840	 | 	Train Accuracy     : 91.8898

Val Loss     : 0.1847	 | 	Val Accuracy     : 91.7920


Epoch : 18
Train Loss     : 0.1871	 | 	Train Accuracy     : 91.7368

Val Loss     : 0.1658	 | 	Val Accuracy     : 92.9911


Epoch : 19
Train Loss     : 0.1841	 | 	Train Accuracy     : 91.8734

Val Loss     : 0.1700	 | 	Val Accuracy     : 92.8385


Epoch : 20
Train Loss     : 0.1788	 | 	Train Accuracy     : 92.2476

Val Loss     : 0.1642	 | 	Val Accuracy     : 92.9257


Epoch : 21
Train Loss     : 0.1772	 | 	Train Accuracy     : 92.3077

Val Loss     : 0.1662	 | 	Val Accuracy     : 92.8058


Epoch : 22
Train Loss     : 0.1747	 | 	Train Accuracy     : 92.5699

Val Loss     : 0.1747	 | 	Val Accuracy     : 92.7840


Epoch : 23
Train Loss     : 0.1686	 | 	Train Accuracy     : 92.8704

Val Loss     : 0.1734	 | 	Val Accuracy     : 92.9802


Epoch : 24
Train Loss     : 0.1710	 | 	Train Accuracy     : 92.6109

Val Loss     : 0.1734	 | 	Val Accuracy     : 92.1626


Epoch : 25
Train Loss     : 0.1661	 | 	Train Accuracy     : 92.9606

Val Loss     : 0.1628	 | 	Val Accuracy     : 92.8494


Epoch : 26
Train Loss     : 0.1660	 | 	Train Accuracy     : 92.8185

Val Loss     : 0.1612	 | 	Val Accuracy     : 93.2418


Epoch : 27
Train Loss     : 0.1635	 | 	Train Accuracy     : 92.8704

Val Loss     : 0.1566	 | 	Val Accuracy     : 93.4707


Epoch : 28
Train Loss     : 0.1606	 | 	Train Accuracy     : 93.1326

Val Loss     : 0.1629	 | 	Val Accuracy     : 92.7077


Epoch : 29
Train Loss     : 0.1543	 | 	Train Accuracy     : 93.3976

Val Loss     : 0.1591	 | 	Val Accuracy     : 93.0892

Test Loss     : 0.1675	 | 	Test Accuracy     : 93.0502

tensor([[310., 319., 295., 379., 237., 274.],
        [372., 437., 384., 377., 272., 308.],
        [302., 335., 335., 333., 254., 282.],
        [361., 414., 354., 433., 310., 318.],
        [328., 310., 296., 362., 255., 290.],
        [251., 316., 283., 295., 220., 267.]])
tensor([0.1709, 0.2033, 0.1820, 0.1977, 0.1385, 0.1636])
Training time is : 0:50:54.399696
