Namespace(cuda=0, rep=1, batch_size=128, n_epoch=60, lr=0.0001, lr_cls=0.001, dataset='ucihar', n_feature=77, len_sw=30, n_class=18, cases='random', split_ratio=0.2, target_domain='0', backbone='FCN', logdir='log/', lambda1=1.0, device='Phones', tau=0.5, thresh=1.0, eval=False, model_name='FCN_ucihar_lr0.0001_bs128_sw30')

Epoch : 0
Train Loss     : 0.9708	 | 	Train Accuracy     : 64.9050

Val Loss     : 0.7595	 | 	Val Accuracy     : 74.8180


Epoch : 1
Train Loss     : 0.4830	 | 	Train Accuracy     : 84.9571

Val Loss     : 0.4414	 | 	Val Accuracy     : 86.5898


Epoch : 2
Train Loss     : 0.3262	 | 	Train Accuracy     : 90.2114

Val Loss     : 0.3122	 | 	Val Accuracy     : 90.5340


Epoch : 3
Train Loss     : 0.2397	 | 	Train Accuracy     : 92.0190

Val Loss     : 0.2379	 | 	Val Accuracy     : 91.6262


Epoch : 4
Train Loss     : 0.1923	 | 	Train Accuracy     : 93.4130

Val Loss     : 0.2060	 | 	Val Accuracy     : 92.3544


Epoch : 5
Train Loss     : 0.1654	 | 	Train Accuracy     : 94.3168

Val Loss     : 0.1948	 | 	Val Accuracy     : 92.4150


Epoch : 6
Train Loss     : 0.1578	 | 	Train Accuracy     : 94.1023

Val Loss     : 0.1687	 | 	Val Accuracy     : 93.8714


Epoch : 7
Train Loss     : 0.1414	 | 	Train Accuracy     : 95.1746

Val Loss     : 0.1595	 | 	Val Accuracy     : 93.4466


Epoch : 8
Train Loss     : 0.1295	 | 	Train Accuracy     : 95.0674

Val Loss     : 0.1508	 | 	Val Accuracy     : 94.5388


Epoch : 9
Train Loss     : 0.1232	 | 	Train Accuracy     : 95.4350

Val Loss     : 0.1550	 | 	Val Accuracy     : 93.6893


Epoch : 10
Train Loss     : 0.1240	 | 	Train Accuracy     : 95.1900

Val Loss     : 0.1501	 | 	Val Accuracy     : 93.3859


Epoch : 11
Train Loss     : 0.1261	 | 	Train Accuracy     : 95.1134

Val Loss     : 0.1355	 | 	Val Accuracy     : 94.1141


Epoch : 12
Train Loss     : 0.1233	 | 	Train Accuracy     : 95.1746

Val Loss     : 0.1333	 | 	Val Accuracy     : 94.7209


Epoch : 13
Train Loss     : 0.1218	 | 	Train Accuracy     : 95.0214

Val Loss     : 0.1362	 | 	Val Accuracy     : 94.2961


Epoch : 14
Train Loss     : 0.1151	 | 	Train Accuracy     : 95.0827

Val Loss     : 0.1302	 | 	Val Accuracy     : 94.3568


Epoch : 15
Train Loss     : 0.1116	 | 	Train Accuracy     : 95.2206

Val Loss     : 0.1285	 | 	Val Accuracy     : 94.7209


Epoch : 16
Train Loss     : 0.1134	 | 	Train Accuracy     : 95.4657

Val Loss     : 0.1281	 | 	Val Accuracy     : 94.4175


Epoch : 17
Train Loss     : 0.1100	 | 	Train Accuracy     : 95.6801

Val Loss     : 0.1272	 | 	Val Accuracy     : 94.7816


Epoch : 18
Train Loss     : 0.1038	 | 	Train Accuracy     : 95.8487

Val Loss     : 0.1233	 | 	Val Accuracy     : 94.5995


Epoch : 19
Train Loss     : 0.1052	 | 	Train Accuracy     : 95.7567

Val Loss     : 0.1219	 | 	Val Accuracy     : 94.6602


Epoch : 20
Train Loss     : 0.1037	 | 	Train Accuracy     : 95.8793

Val Loss     : 0.1202	 | 	Val Accuracy     : 94.9029


Epoch : 21
Train Loss     : 0.1017	 | 	Train Accuracy     : 95.8793

Val Loss     : 0.1203	 | 	Val Accuracy     : 94.4782


Epoch : 22
Train Loss     : 0.1074	 | 	Train Accuracy     : 95.3278

Val Loss     : 0.1129	 | 	Val Accuracy     : 95.2063


Epoch : 23
Train Loss     : 0.0968	 | 	Train Accuracy     : 95.9865

Val Loss     : 0.1162	 | 	Val Accuracy     : 95.1456


Epoch : 24
Train Loss     : 0.1053	 | 	Train Accuracy     : 95.4963

Val Loss     : 0.1173	 | 	Val Accuracy     : 94.7209


Epoch : 25
Train Loss     : 0.1013	 | 	Train Accuracy     : 95.8027

Val Loss     : 0.1145	 | 	Val Accuracy     : 94.5995


Epoch : 26
Train Loss     : 0.0997	 | 	Train Accuracy     : 95.7721

Val Loss     : 0.1130	 | 	Val Accuracy     : 95.4490


Epoch : 27
Train Loss     : 0.0998	 | 	Train Accuracy     : 95.8333

Val Loss     : 0.1121	 | 	Val Accuracy     : 95.0243


Epoch : 28
Train Loss     : 0.0904	 | 	Train Accuracy     : 96.2010

Val Loss     : 0.1139	 | 	Val Accuracy     : 95.1456


Epoch : 29
Train Loss     : 0.1038	 | 	Train Accuracy     : 95.7567

Val Loss     : 0.1097	 | 	Val Accuracy     : 95.0243


Epoch : 30
Train Loss     : 0.0992	 | 	Train Accuracy     : 95.9099

Val Loss     : 0.1250	 | 	Val Accuracy     : 93.8714


Epoch : 31
Train Loss     : 0.0995	 | 	Train Accuracy     : 95.7108

Val Loss     : 0.1144	 | 	Val Accuracy     : 94.6602


Epoch : 32
Train Loss     : 0.0959	 | 	Train Accuracy     : 96.0172

Val Loss     : 0.1056	 | 	Val Accuracy     : 95.0243


Epoch : 33
Train Loss     : 0.0926	 | 	Train Accuracy     : 95.9559

Val Loss     : 0.1104	 | 	Val Accuracy     : 94.7816


Epoch : 34
Train Loss     : 0.0910	 | 	Train Accuracy     : 96.1091

Val Loss     : 0.1060	 | 	Val Accuracy     : 95.3277


Epoch : 35
Train Loss     : 0.0909	 | 	Train Accuracy     : 96.3235

Val Loss     : 0.1031	 | 	Val Accuracy     : 95.3277


Epoch : 36
Train Loss     : 0.0887	 | 	Train Accuracy     : 96.4614

Val Loss     : 0.1085	 | 	Val Accuracy     : 94.7209


Epoch : 37
Train Loss     : 0.0891	 | 	Train Accuracy     : 96.3542

Val Loss     : 0.1001	 | 	Val Accuracy     : 95.5704


Epoch : 38
Train Loss     : 0.0888	 | 	Train Accuracy     : 96.4001

Val Loss     : 0.1043	 | 	Val Accuracy     : 94.9636


Epoch : 39
Train Loss     : 0.0934	 | 	Train Accuracy     : 96.0018

Val Loss     : 0.0986	 | 	Val Accuracy     : 95.8131


Epoch : 40
Train Loss     : 0.0815	 | 	Train Accuracy     : 96.6605

Val Loss     : 0.0997	 | 	Val Accuracy     : 95.3883


Epoch : 41
Train Loss     : 0.0850	 | 	Train Accuracy     : 96.5993

Val Loss     : 0.0978	 | 	Val Accuracy     : 95.3277


Epoch : 42
Train Loss     : 0.0923	 | 	Train Accuracy     : 96.3082

Val Loss     : 0.0951	 | 	Val Accuracy     : 95.6917


Epoch : 43
Train Loss     : 0.0860	 | 	Train Accuracy     : 96.5227

Val Loss     : 0.0960	 | 	Val Accuracy     : 95.9951


Epoch : 44
Train Loss     : 0.0936	 | 	Train Accuracy     : 96.4001

Val Loss     : 0.0955	 | 	Val Accuracy     : 95.8131


Epoch : 45
Train Loss     : 0.0877	 | 	Train Accuracy     : 96.2929

Val Loss     : 0.0971	 | 	Val Accuracy     : 95.5704


Epoch : 46
Train Loss     : 0.0752	 | 	Train Accuracy     : 96.9669

Val Loss     : 0.0967	 | 	Val Accuracy     : 95.9951


Epoch : 47
Train Loss     : 0.0866	 | 	Train Accuracy     : 96.5993

Val Loss     : 0.0925	 | 	Val Accuracy     : 95.7524


Epoch : 48
Train Loss     : 0.0827	 | 	Train Accuracy     : 96.7065

Val Loss     : 0.0931	 | 	Val Accuracy     : 96.1772


Epoch : 49
Train Loss     : 0.0723	 | 	Train Accuracy     : 97.1048

Val Loss     : 0.0892	 | 	Val Accuracy     : 95.8131


Epoch : 50
Train Loss     : 0.0756	 | 	Train Accuracy     : 96.9516

Val Loss     : 0.0951	 | 	Val Accuracy     : 96.0558


Epoch : 51
Train Loss     : 0.0848	 | 	Train Accuracy     : 96.2929

Val Loss     : 0.0897	 | 	Val Accuracy     : 96.1165


Epoch : 52
Train Loss     : 0.0857	 | 	Train Accuracy     : 96.1397

Val Loss     : 0.0964	 | 	Val Accuracy     : 95.4490


Epoch : 53
Train Loss     : 0.0779	 | 	Train Accuracy     : 96.7984

Val Loss     : 0.0886	 | 	Val Accuracy     : 96.2379


Epoch : 54
Train Loss     : 0.0796	 | 	Train Accuracy     : 96.9056

Val Loss     : 0.0857	 | 	Val Accuracy     : 96.1772


Epoch : 55
Train Loss     : 0.0759	 | 	Train Accuracy     : 96.8137

Val Loss     : 0.0857	 | 	Val Accuracy     : 96.2379


Epoch : 56
Train Loss     : 0.0754	 | 	Train Accuracy     : 96.9822

Val Loss     : 0.0857	 | 	Val Accuracy     : 95.7524


Epoch : 57
Train Loss     : 0.0789	 | 	Train Accuracy     : 96.8750

Val Loss     : 0.0909	 | 	Val Accuracy     : 96.1165


Epoch : 58
Train Loss     : 0.0764	 | 	Train Accuracy     : 96.7218

Val Loss     : 0.0859	 | 	Val Accuracy     : 95.9951


Epoch : 59
Train Loss     : 0.0692	 | 	Train Accuracy     : 97.1967

Val Loss     : 0.0846	 | 	Val Accuracy     : 96.9053

Test Loss     : 0.0928	 | 	Test Accuracy     : 96.7961

tensor([[77., 43., 41., 44., 65., 57.],
        [55., 61., 34., 46., 47., 54.],
        [36., 43., 48., 49., 51., 45.],
        [59., 48., 36., 76., 81., 79.],
        [54., 38., 56., 63., 80., 91.],
        [58., 65., 48., 60., 80., 92.]])
tensor([0.2355, 0.2054, 0.1765, 0.2005, 0.2094, 0.2283])
Training time is : 0:09:20.109919
