Namespace(cuda=0, rep=2, batch_size=128, n_epoch=30, lr=0.0001, lr_cls=0.001, dataset='hhar', n_feature=77, len_sw=30, n_class=18, cases='random', split_ratio=0.2, target_domain='0', backbone='LSTM', logdir='log/', lambda1=1.0, device='Phones', tau=0.5, thresh=1.0, eval=False, model_name='LSTM_hhar_lr0.0001_bs128_sw30')

Epoch : 0
Train Loss     : 1.5343	 | 	Train Accuracy     : 35.8965

Val Loss     : 1.2668	 | 	Val Accuracy     : 46.7517


Epoch : 1
Train Loss     : 1.1995	 | 	Train Accuracy     : 52.6743

Val Loss     : 1.0570	 | 	Val Accuracy     : 60.6715


Epoch : 2
Train Loss     : 1.0533	 | 	Train Accuracy     : 59.5061

Val Loss     : 1.0624	 | 	Val Accuracy     : 59.9193


Epoch : 3
Train Loss     : 1.0171	 | 	Train Accuracy     : 61.5057

Val Loss     : 1.0518	 | 	Val Accuracy     : 59.7122


Epoch : 4
Train Loss     : 0.9380	 | 	Train Accuracy     : 65.5376

Val Loss     : 0.8719	 | 	Val Accuracy     : 68.2690


Epoch : 5
Train Loss     : 0.8858	 | 	Train Accuracy     : 67.0263

Val Loss     : 0.8585	 | 	Val Accuracy     : 69.5117


Epoch : 6
Train Loss     : 1.0119	 | 	Train Accuracy     : 61.4128

Val Loss     : 0.9999	 | 	Val Accuracy     : 60.3554


Epoch : 7
Train Loss     : 0.9577	 | 	Train Accuracy     : 61.8335

Val Loss     : 0.9185	 | 	Val Accuracy     : 63.0695


Epoch : 8
Train Loss     : 0.9208	 | 	Train Accuracy     : 61.9209

Val Loss     : 0.8424	 | 	Val Accuracy     : 67.7022


Epoch : 9
Train Loss     : 0.8503	 | 	Train Accuracy     : 66.2861

Val Loss     : 0.7722	 | 	Val Accuracy     : 71.6808


Epoch : 10
Train Loss     : 0.7995	 | 	Train Accuracy     : 69.5094

Val Loss     : 0.7331	 | 	Val Accuracy     : 73.9372


Epoch : 11
Train Loss     : 0.7734	 | 	Train Accuracy     : 70.8015

Val Loss     : 0.7362	 | 	Val Accuracy     : 73.3813


Epoch : 12
Train Loss     : 0.7347	 | 	Train Accuracy     : 71.5636

Val Loss     : 0.6555	 | 	Val Accuracy     : 75.8993


Epoch : 13
Train Loss     : 0.6989	 | 	Train Accuracy     : 73.1807

Val Loss     : 0.6175	 | 	Val Accuracy     : 77.6760


Epoch : 14
Train Loss     : 0.7167	 | 	Train Accuracy     : 72.6426

Val Loss     : 0.6839	 | 	Val Accuracy     : 74.8528


Epoch : 15
Train Loss     : 0.7120	 | 	Train Accuracy     : 72.0526

Val Loss     : 0.6850	 | 	Val Accuracy     : 73.1415


Epoch : 16
Train Loss     : 0.7125	 | 	Train Accuracy     : 70.8780

Val Loss     : 0.6996	 | 	Val Accuracy     : 73.9699


Epoch : 17
Train Loss     : 0.6889	 | 	Train Accuracy     : 74.2242

Val Loss     : 0.6437	 | 	Val Accuracy     : 75.9320


Epoch : 18
Train Loss     : 0.6668	 | 	Train Accuracy     : 75.2267

Val Loss     : 0.6703	 | 	Val Accuracy     : 75.4415


Epoch : 19
Train Loss     : 0.6570	 | 	Train Accuracy     : 75.3223

Val Loss     : 0.7064	 | 	Val Accuracy     : 73.6102


Epoch : 20
Train Loss     : 0.6396	 | 	Train Accuracy     : 76.4232

Val Loss     : 0.5690	 | 	Val Accuracy     : 79.9433


Epoch : 21
Train Loss     : 0.6332	 | 	Train Accuracy     : 76.4259

Val Loss     : 0.6846	 | 	Val Accuracy     : 76.2481


Epoch : 22
Train Loss     : 0.6732	 | 	Train Accuracy     : 74.8088

Val Loss     : 0.5950	 | 	Val Accuracy     : 78.2756


Epoch : 23
Train Loss     : 0.5969	 | 	Train Accuracy     : 78.0349

Val Loss     : 0.5265	 | 	Val Accuracy     : 81.3059


Epoch : 24
Train Loss     : 0.5766	 | 	Train Accuracy     : 78.8953

Val Loss     : 0.5226	 | 	Val Accuracy     : 81.7310


Epoch : 25
Train Loss     : 0.5473	 | 	Train Accuracy     : 79.6984

Val Loss     : 0.5058	 | 	Val Accuracy     : 81.8509


Epoch : 26
Train Loss     : 0.5504	 | 	Train Accuracy     : 79.3979

Val Loss     : 0.4733	 | 	Val Accuracy     : 83.2243


Epoch : 27
Train Loss     : 0.5044	 | 	Train Accuracy     : 81.2309

Val Loss     : 0.4478	 | 	Val Accuracy     : 84.0528


Epoch : 28
Train Loss     : 0.4756	 | 	Train Accuracy     : 82.2880

Val Loss     : 0.4171	 | 	Val Accuracy     : 84.7395


Epoch : 29
Train Loss     : 0.4944	 | 	Train Accuracy     : 81.9111

Val Loss     : 0.4858	 | 	Val Accuracy     : 83.3769

Test Loss     : 0.4407	 | 	Test Accuracy     : 83.2229

tensor([[250., 325., 303., 379., 292., 265.],
        [329., 442., 390., 370., 321., 298.],
        [271., 344., 328., 345., 265., 288.],
        [337., 422., 361., 442., 332., 296.],
        [299., 323., 286., 363., 298., 272.],
        [225., 326., 287., 293., 272., 229.]])
tensor([0.1378, 0.2056, 0.1782, 0.2018, 0.1619, 0.1403])
