Namespace(cuda=0, rep=1, batch_size=128, n_epoch=60, lr=0.001, lr_cls=0.001, dataset='shar', n_feature=77, len_sw=30, n_class=18, cases='random', split_ratio=0.2, target_domain='0', backbone='SDCL', logdir='log/', lambda1=1.0, device='Phones', tau=0.75, thresh=0.5, eval=False, model_name='SDCL_shar_lr0.001_bs128_sw30')

Epoch : 0
Train Loss     : 2.4528	 | 	Train Accuracy     : 16.6540

Val Loss     : 2.2108	 | 	Val Accuracy     : 21.2928


Epoch : 1
Train Loss     : 2.0093	 | 	Train Accuracy     : 26.6387

Val Loss     : 1.7623	 | 	Val Accuracy     : 38.4030


Epoch : 2
Train Loss     : 1.6944	 | 	Train Accuracy     : 37.7668

Val Loss     : 1.4847	 | 	Val Accuracy     : 44.4106


Epoch : 3
Train Loss     : 1.5212	 | 	Train Accuracy     : 43.5595

Val Loss     : 1.5729	 | 	Val Accuracy     : 44.7909


Epoch : 4
Train Loss     : 1.5956	 | 	Train Accuracy     : 40.8155

Val Loss     : 1.3244	 | 	Val Accuracy     : 52.2433


Epoch : 5
Train Loss     : 1.3662	 | 	Train Accuracy     : 47.9040

Val Loss     : 1.2014	 | 	Val Accuracy     : 56.8061


Epoch : 6
Train Loss     : 1.2456	 | 	Train Accuracy     : 52.6486

Val Loss     : 1.1912	 | 	Val Accuracy     : 55.0570


Epoch : 7
Train Loss     : 1.2024	 | 	Train Accuracy     : 54.5541

Val Loss     : 1.0718	 | 	Val Accuracy     : 61.7490


Epoch : 8
Train Loss     : 1.1398	 | 	Train Accuracy     : 57.1837

Val Loss     : 1.1163	 | 	Val Accuracy     : 59.4677


Epoch : 9
Train Loss     : 1.0617	 | 	Train Accuracy     : 59.3369

Val Loss     : 0.9900	 | 	Val Accuracy     : 63.1939


Epoch : 10
Train Loss     : 1.0424	 | 	Train Accuracy     : 60.6517

Val Loss     : 1.0511	 | 	Val Accuracy     : 58.9354


Epoch : 11
Train Loss     : 1.0484	 | 	Train Accuracy     : 60.7088

Val Loss     : 1.0561	 | 	Val Accuracy     : 62.8897


Epoch : 12
Train Loss     : 0.9034	 | 	Train Accuracy     : 66.9779

Val Loss     : 0.8910	 | 	Val Accuracy     : 68.9734


Epoch : 13
Train Loss     : 0.8510	 | 	Train Accuracy     : 68.8072

Val Loss     : 0.8783	 | 	Val Accuracy     : 69.1255


Epoch : 14
Train Loss     : 0.7889	 | 	Train Accuracy     : 71.1128

Val Loss     : 0.8576	 | 	Val Accuracy     : 68.4411


Epoch : 15
Train Loss     : 0.7651	 | 	Train Accuracy     : 72.9611

Val Loss     : 0.7964	 | 	Val Accuracy     : 72.0913


Epoch : 16
Train Loss     : 0.7618	 | 	Train Accuracy     : 72.6944

Val Loss     : 0.8006	 | 	Val Accuracy     : 69.6578


Epoch : 17
Train Loss     : 0.7309	 | 	Train Accuracy     : 73.8377

Val Loss     : 0.7996	 | 	Val Accuracy     : 70.7224


Epoch : 18
Train Loss     : 0.6781	 | 	Train Accuracy     : 76.0099

Val Loss     : 0.8063	 | 	Val Accuracy     : 72.7757


Epoch : 19
Train Loss     : 0.6658	 | 	Train Accuracy     : 76.8483

Val Loss     : 0.7198	 | 	Val Accuracy     : 74.9810


Epoch : 20
Train Loss     : 0.5929	 | 	Train Accuracy     : 79.0206

Val Loss     : 0.6525	 | 	Val Accuracy     : 78.3270


Epoch : 21
Train Loss     : 0.5566	 | 	Train Accuracy     : 80.9070

Val Loss     : 0.7037	 | 	Val Accuracy     : 75.6654


Epoch : 22
Train Loss     : 0.5306	 | 	Train Accuracy     : 81.4787

Val Loss     : 0.6969	 | 	Val Accuracy     : 76.6540


Epoch : 23
Train Loss     : 0.4528	 | 	Train Accuracy     : 85.4802

Val Loss     : 0.7141	 | 	Val Accuracy     : 77.1863


Epoch : 24
Train Loss     : 0.4760	 | 	Train Accuracy     : 83.7843

Val Loss     : 0.6142	 | 	Val Accuracy     : 80.8365


Epoch : 25
Train Loss     : 0.4365	 | 	Train Accuracy     : 85.2706

Val Loss     : 0.6000	 | 	Val Accuracy     : 80.3042


Epoch : 26
Train Loss     : 0.3726	 | 	Train Accuracy     : 87.4809

Val Loss     : 0.6033	 | 	Val Accuracy     : 79.3916


Epoch : 27
Train Loss     : 0.4573	 | 	Train Accuracy     : 84.3178

Val Loss     : 0.7037	 | 	Val Accuracy     : 76.5779


Epoch : 28
Train Loss     : 0.4538	 | 	Train Accuracy     : 85.0800

Val Loss     : 0.5843	 | 	Val Accuracy     : 81.3688


Epoch : 29
Train Loss     : 0.3436	 | 	Train Accuracy     : 89.2149

Val Loss     : 0.5161	 | 	Val Accuracy     : 84.2586


Epoch : 30
Train Loss     : 0.3239	 | 	Train Accuracy     : 89.0816

Val Loss     : 0.5649	 | 	Val Accuracy     : 82.6616


Epoch : 31
Train Loss     : 0.3199	 | 	Train Accuracy     : 89.0053

Val Loss     : 0.5073	 | 	Val Accuracy     : 84.1825


Epoch : 32
Train Loss     : 0.2519	 | 	Train Accuracy     : 91.8255

Val Loss     : 0.5148	 | 	Val Accuracy     : 83.6502


Epoch : 33
Train Loss     : 0.2893	 | 	Train Accuracy     : 90.6250

Val Loss     : 0.4792	 | 	Val Accuracy     : 85.3992


Epoch : 34
Train Loss     : 0.3011	 | 	Train Accuracy     : 89.8628

Val Loss     : 0.4909	 | 	Val Accuracy     : 83.9544


Epoch : 35
Train Loss     : 0.3064	 | 	Train Accuracy     : 89.7485

Val Loss     : 0.9390	 | 	Val Accuracy     : 70.7985


Epoch : 36
Train Loss     : 0.3518	 | 	Train Accuracy     : 88.1669

Val Loss     : 0.5541	 | 	Val Accuracy     : 82.3574


Epoch : 37
Train Loss     : 0.3501	 | 	Train Accuracy     : 87.9954

Val Loss     : 0.5283	 | 	Val Accuracy     : 84.2586


Epoch : 38
Train Loss     : 0.2515	 | 	Train Accuracy     : 92.3018

Val Loss     : 0.4452	 | 	Val Accuracy     : 85.6274


Epoch : 39
Train Loss     : 0.2083	 | 	Train Accuracy     : 93.7309

Val Loss     : 0.4253	 | 	Val Accuracy     : 86.6920


Epoch : 40
Train Loss     : 0.1865	 | 	Train Accuracy     : 94.2454

Val Loss     : 0.4535	 | 	Val Accuracy     : 86.1597


Epoch : 41
Train Loss     : 0.1795	 | 	Train Accuracy     : 95.0267

Val Loss     : 0.4035	 | 	Val Accuracy     : 87.2243


Epoch : 42
Train Loss     : 0.1757	 | 	Train Accuracy     : 94.6837

Val Loss     : 0.4770	 | 	Val Accuracy     : 84.4867


Epoch : 43
Train Loss     : 0.2393	 | 	Train Accuracy     : 91.9398

Val Loss     : 0.4163	 | 	Val Accuracy     : 86.4639


Epoch : 44
Train Loss     : 0.1828	 | 	Train Accuracy     : 94.1311

Val Loss     : 0.4485	 | 	Val Accuracy     : 86.3878


Epoch : 45
Train Loss     : 0.1451	 | 	Train Accuracy     : 95.5602

Val Loss     : 0.3924	 | 	Val Accuracy     : 88.1369


Epoch : 46
Train Loss     : 0.1151	 | 	Train Accuracy     : 96.6845

Val Loss     : 0.3656	 | 	Val Accuracy     : 89.5057


Epoch : 47
Train Loss     : 0.1335	 | 	Train Accuracy     : 95.8651

Val Loss     : 0.3665	 | 	Val Accuracy     : 89.0494


Epoch : 48
Train Loss     : 0.1214	 | 	Train Accuracy     : 96.5320

Val Loss     : 0.4455	 | 	Val Accuracy     : 86.7681


Epoch : 49
Train Loss     : 0.1222	 | 	Train Accuracy     : 96.2843

Val Loss     : 0.3702	 | 	Val Accuracy     : 88.5932


Epoch : 50
Train Loss     : 0.1321	 | 	Train Accuracy     : 95.8651

Val Loss     : 0.4158	 | 	Val Accuracy     : 87.6806


Epoch : 51
Train Loss     : 0.5023	 | 	Train Accuracy     : 83.8986

Val Loss     : 0.7353	 | 	Val Accuracy     : 76.8061


Epoch : 52
Train Loss     : 0.4220	 | 	Train Accuracy     : 85.3087

Val Loss     : 0.6885	 | 	Val Accuracy     : 76.9582


Epoch : 53
Train Loss     : 0.2500	 | 	Train Accuracy     : 91.9017

Val Loss     : 0.4005	 | 	Val Accuracy     : 87.5285


Epoch : 54
Train Loss     : 0.1602	 | 	Train Accuracy     : 95.2744

Val Loss     : 0.4283	 | 	Val Accuracy     : 86.6920


Epoch : 55
Train Loss     : 0.1285	 | 	Train Accuracy     : 96.2081

Val Loss     : 0.3247	 | 	Val Accuracy     : 89.5057


Epoch : 56
Train Loss     : 0.1252	 | 	Train Accuracy     : 96.0366

Val Loss     : 0.3804	 | 	Val Accuracy     : 88.2890


Epoch : 57
Train Loss     : 0.0883	 | 	Train Accuracy     : 97.5800

Val Loss     : 0.3898	 | 	Val Accuracy     : 88.1369


Epoch : 58
Train Loss     : 0.0735	 | 	Train Accuracy     : 98.3613

Val Loss     : 0.3077	 | 	Val Accuracy     : 90.4943


Epoch : 59
Train Loss     : 0.0645	 | 	Train Accuracy     : 98.2088

Val Loss     : 0.3298	 | 	Val Accuracy     : 90.4943

Test Loss     : 0.3624	 | 	Test Accuracy     : 90.9312

tensor([[ 2.,  0.,  3.,  2.,  2.,  2.,  5.,  0.,  0.,  1.,  2.,  1.,  1.,  0.,
          0.,  1.,  0.],
        [ 0.,  2.,  5.,  3.,  3.,  3.,  5.,  0.,  0.,  2.,  0.,  1.,  2.,  0.,
          0.,  2.,  1.],
        [ 3.,  4., 66., 36., 17., 12., 29.,  7.,  2., 13.,  8.,  7., 15., 12.,
          9.,  8.,  9.],
        [ 7.,  6., 41., 73., 24., 21., 31.,  6.,  5.,  7., 11., 10.,  8.,  4.,
          9., 16., 11.],
        [ 2.,  3., 17., 24., 19.,  5., 15.,  3.,  1.,  2.,  2.,  6.,  3.,  5.,
          4.,  5.,  6.],
        [ 1.,  3., 17., 20.,  4., 15., 13.,  4.,  1.,  7.,  4.,  1.,  5.,  6.,
          8.,  3.,  5.],
        [ 4.,  7., 22., 26., 25., 11., 33.,  5.,  1.,  7.,  8.,  7., 12.,  9.,
          3.,  5.,  8.],
        [ 1.,  0., 11.,  9.,  3.,  4.,  7.,  1.,  1.,  1.,  1.,  2.,  4.,  5.,
          1.,  2.,  3.],
        [ 0.,  0.,  2.,  5.,  1.,  0.,  2.,  2.,  1.,  1.,  1.,  1.,  1.,  1.,
          0.,  0.,  0.],
        [ 0.,  2., 10., 10.,  7.,  3.,  7.,  1.,  3.,  8.,  1.,  1.,  1.,  3.,
          7.,  4.,  0.],
        [ 0.,  1.,  8., 10.,  3.,  3.,  7.,  4.,  0.,  5., 12.,  3.,  5.,  4.,
          1.,  3.,  2.],
        [ 1.,  0.,  5., 14.,  3.,  2.,  1.,  2.,  0.,  3.,  3.,  7.,  4.,  2.,
          4.,  3.,  3.],
        [ 1.,  0., 14., 10.,  5.,  4., 10.,  2.,  1.,  4.,  3.,  2.,  6.,  5.,
          2.,  3.,  3.],
        [ 1.,  2.,  4.,  4.,  6.,  9., 11.,  1.,  1.,  5.,  3.,  1.,  4.,  4.,
          1.,  2.,  1.],
        [ 0.,  1.,  6., 13.,  5.,  4.,  9.,  2.,  3.,  1.,  4.,  4.,  9.,  3.,
          8.,  0.,  2.],
        [ 1.,  0., 14.,  9.,  5.,  5.,  3.,  3.,  3.,  0.,  3.,  3.,  3.,  6.,
          3.,  6.,  3.],
        [ 0.,  1.,  5., 10.,  6.,  7.,  8.,  1.,  2.,  3.,  2.,  5.,  3.,  1.,
          2.,  2.,  6.]])
tensor([0.0909, 0.0690, 0.2568, 0.2517, 0.1557, 0.1282, 0.1710, 0.0179, 0.0556,
        0.1176, 0.1690, 0.1228, 0.0800, 0.0667, 0.1081, 0.0857, 0.0938])
Training time is : 2:36:17.227072
